<?xml version="1.0" encoding="UTF-8"?>
<!-- Generated by org.testng.reporters.JUnitXMLReporter -->
<testsuite ignored="0" hostname="EC2AMAZ-CHIJMME" failures="0" tests="5" name="Test2" time="20.369" errors="0" timestamp="2024-07-16T10:16:52 UTC">
  <testcase classname="Ecom_automation_Multi.SC02" name="launchMe" time="2.94"/>
  <testcase classname="Ecom_automation_Multi.SC02" name="loginMe" time="3.84"/>
  <testcase classname="Ecom_automation_Multi.SC02" name="searchMe" time="3.266"/>
  <testcase classname="Ecom_automation_Multi.SC02" name="addToCart" time="3.952"/>
  <testcase classname="Ecom_automation_Multi.SC02" name="logoutMe" time="6.155"/>
</testsuite> <!-- Test2 -->
