<?xml version="1.0" encoding="UTF-8"?>
<!-- Generated by org.testng.reporters.JUnitXMLReporter -->
<testsuite ignored="0" hostname="EC2AMAZ-CHIJMME" failures="0" tests="4" name="Test1" time="14.087" errors="0" timestamp="2024-07-16T10:16:32 UTC">
  <testcase classname="Ecom_automation_Multi.SC01" name="loginMe" time="3.878"/>
  <testcase classname="Ecom_automation_Multi.SC01" name="searchMe" time="3.304"/>
  <testcase classname="Ecom_automation_Multi.SC01" name="logoutMe" time="1.941"/>
  <testcase classname="Ecom_automation_Multi.SC01" name="closeMe" time="0.173"/>
</testsuite> <!-- Test1 -->
