<?xml version="1.0" encoding="UTF-8"?>
<!-- Generated by org.testng.reporters.JUnitXMLReporter -->
<testsuite ignored="0" hostname="EC2AMAZ-CHIJMME" failures="1" tests="4" name="Test2" time="0.058" errors="0" timestamp="2024-07-16T07:32:24 UTC">
  <testcase classname="Ecom_automation_Multi.SC02" name="@AfterTest closeMe" time="0.0">
    <failure type="java.lang.NullPointerException" message="Cannot invoke &amp;quot;org.openqa.selenium.WebDriver.quit()&amp;quot; because &amp;quot;this.driverM&amp;quot; is null">
      <![CDATA[java.lang.NullPointerException: Cannot invoke "org.openqa.selenium.WebDriver.quit()" because "this.driverM" is null
at Ecom_automation_Multi.SC02.closeMe(SC02.java:100)
... Removed 24 stack frames]]>
    </failure>
  </testcase> <!-- @AfterTest closeMe -->
  <testcase classname="Ecom_automation_Multi.SC02" name="loginMe" time="0.004">
    <failure type="java.lang.NullPointerException" message="Cannot invoke &amp;quot;org.openqa.selenium.WebDriver.findElement(org.openqa.selenium.By)&amp;quot; because &amp;quot;this.driverM&amp;quot; is null">
      <![CDATA[java.lang.NullPointerException: Cannot invoke "org.openqa.selenium.WebDriver.findElement(org.openqa.selenium.By)" because "this.driverM" is null
at Ecom_automation_Multi.SC02.loginExt(SC02.java:106)
at Ecom_automation_Multi.SC02.loginMe(SC02.java:35)
at java.base/java.util.ArrayList.forEach(ArrayList.java:1511)
... Removed 27 stack frames]]>
    </failure>
  </testcase> <!-- loginMe -->
  <testcase classname="Ecom_automation_Multi.SC02" name="searchMe" time="0.0">
    <skipped/>
  </testcase> <!-- searchMe -->
  <testcase classname="Ecom_automation_Multi.SC02" name="addToCart" time="0.0">
    <skipped/>
  </testcase> <!-- addToCart -->
  <testcase classname="Ecom_automation_Multi.SC02" name="logoutMe" time="0.0">
    <skipped/>
  </testcase> <!-- logoutMe -->
</testsuite> <!-- Test2 -->
