<?xml version="1.0" encoding="UTF-8"?>
<!-- Generated by org.testng.reporters.JUnitXMLReporter -->
<testsuite ignored="0" hostname="EC2AMAZ-CHIJMME" failures="0" tests="3" name="Test1" time="13.765" errors="0" timestamp="2024-07-16T07:32:24 UTC">
  <testcase classname="Ecom_automation_Multi.SC01" name="loginMe" time="3.852"/>
  <testcase classname="Ecom_automation_Multi.SC01" name="searchMe" time="3.292"/>
  <testcase classname="Ecom_automation_Multi.SC01" name="logoutMe" time="1.907"/>
</testsuite> <!-- Test1 -->
