<?xml version="1.0" encoding="UTF-8"?>
<!-- Generated by org.testng.reporters.JUnitXMLReporter -->
<testsuite ignored="0" hostname="EC2AMAZ-CHIJMME" failures="0" tests="4" name="Test" time="19.733" errors="0" timestamp="2024-07-15T05:46:29 UTC">
  <testcase classname="Ecom_automation.SC01" name="loginMe" time="0.008"/>
  <testcase classname="Ecom_automation.SC01" name="searchMe" time="0.002"/>
  <testcase classname="Ecom_automation.SC01" name="AdvSearchMe" time="0.002"/>
  <testcase classname="Ecom_automation.SC01" name="logoutMe" time="0.002"/>
</testsuite> <!-- Test -->
