<?xml version="1.0" encoding="UTF-8"?>
<!-- Generated by org.testng.reporters.JUnitXMLReporter -->
<testsuite ignored="0" hostname="EC2AMAZ-CHIJMME" failures="0" tests="5" name="Default test" time="31.589" errors="0" timestamp="2024-07-24T13:33:16 UTC">
  <testcase classname="Ecom_automation_Group.Group_SC01" name="launchMe" time="6.271"/>
  <testcase classname="Ecom_automation_Group.Group_SC01" name="loginMe" time="19.686"/>
  <testcase classname="Ecom_automation_Group.Group_SC01" name="searchMe" time="3.369"/>
  <testcase classname="Ecom_automation_Group.Group_SC01" name="logoutMe" time="1.955"/>
  <testcase classname="Ecom_automation_Group.Group_SC01" name="closeMe" time="0.223"/>
</testsuite> <!-- Default test -->
