<?xml version="1.0" encoding="UTF-8"?>
<!-- Generated by org.testng.reporters.JUnitXMLReporter -->
<testsuite ignored="0" hostname="EC2AMAZ-CHIJMME" failures="0" tests="6" name="PetTest" time="12.737" errors="0" timestamp="2024-08-05T03:21:02 UTC">
  <testcase classname="api.test.UserDDTest" name="testPostuser" time="4.122"/>
  <testcase classname="api.test.UserDDTest" name="testPostuser" time="0.977"/>
  <testcase classname="api.test.UserDDTest" name="testPostuser" time="0.978"/>
  <testcase classname="api.test.UserDDTest" name="testDeleteUserByName" time="1.016"/>
  <testcase classname="api.test.UserDDTest" name="testDeleteUserByName" time="0.994"/>
  <testcase classname="api.test.UserDDTest" name="testDeleteUserByName" time="0.954"/>
</testsuite> <!-- PetTest -->
