<?xml version="1.0" encoding="UTF-8"?>
<!-- Generated by org.testng.reporters.JUnitXMLReporter -->
<testsuite ignored="0" hostname="EC2AMAZ-CHIJMME" failures="0" tests="6" name="PetTest" time="13.027" errors="0" timestamp="2024-08-05T07:23:23 UTC">
  <testcase classname="api.test.UserDDTest" name="testPostuser" time="4.188"/>
  <testcase classname="api.test.UserDDTest" name="testPostuser" time="0.996"/>
  <testcase classname="api.test.UserDDTest" name="testPostuser" time="0.962"/>
  <testcase classname="api.test.UserDDTest" name="testDeleteUserByName" time="0.992"/>
  <testcase classname="api.test.UserDDTest" name="testDeleteUserByName" time="0.971"/>
  <testcase classname="api.test.UserDDTest" name="testDeleteUserByName" time="0.969"/>
</testsuite> <!-- PetTest -->
