<?xml version="1.0" encoding="UTF-8"?>
<!-- Generated by org.testng.reporters.JUnitXMLReporter -->
<testsuite ignored="6" hostname="EC2AMAZ-CHIJMME" failures="0" tests="5" name="Test1" time="13.632" errors="0" timestamp="2024-07-16T10:21:08 UTC">
  <testcase classname="Ecom_automation_Group.Group_SC01" name="launchMe" time="4.366"/>
  <testcase classname="Ecom_automation_Group.Group_SC01" name="loginMe" time="3.844"/>
  <testcase classname="Ecom_automation_Group.Group_SC01" name="searchMe" time="3.29"/>
  <testcase classname="Ecom_automation_Group.Group_SC01" name="logoutMe" time="1.881"/>
  <testcase classname="Ecom_automation_Group.Group_SC01" name="closeMe" time="0.188"/>
  <testcase classname="Ecom_automation_Group.Group_SC02" name="searchMe" time="0.0">
    <ignored/>
  </testcase> <!-- searchMe -->
  <testcase classname="Ecom_automation_Group.Group_SC02" name="launchMe" time="0.0">
    <ignored/>
  </testcase> <!-- launchMe -->
  <testcase classname="Ecom_automation_Group.Group_SC02" name="closeMe" time="0.0">
    <ignored/>
  </testcase> <!-- closeMe -->
  <testcase classname="Ecom_automation_Group.Group_SC02" name="loginMe" time="0.0">
    <ignored/>
  </testcase> <!-- loginMe -->
  <testcase classname="Ecom_automation_Group.Group_SC02" name="logoutMe" time="0.0">
    <ignored/>
  </testcase> <!-- logoutMe -->
  <testcase classname="Ecom_automation_Group.Group_SC02" name="addToCart" time="0.0">
    <ignored/>
  </testcase> <!-- addToCart -->
</testsuite> <!-- Test1 -->
