<?xml version="1.0" encoding="UTF-8"?>
<!-- Generated by org.testng.reporters.JUnitXMLReporter -->
<testsuite ignored="0" hostname="EC2AMAZ-CHIJMME" failures="0" tests="5" name="Test2" time="20.621" errors="0" timestamp="2024-07-16T08:22:56 UTC">
  <testcase classname="Ecom_automation_Group.Group_SC02" name="launchMe" time="3.489"/>
  <testcase classname="Ecom_automation_Group.Group_SC02" name="loginMe" time="3.806"/>
  <testcase classname="Ecom_automation_Group.Group_SC02" name="searchMe" time="3.201"/>
  <testcase classname="Ecom_automation_Group.Group_SC02" name="addToCart" time="3.926"/>
  <testcase classname="Ecom_automation_Group.Group_SC02" name="logoutMe" time="5.977"/>
</testsuite> <!-- Test2 -->
